<?xml version="1.0" encoding="UTF-8"?>
<Site BuildName="Win32-MSBuild"
	BuildStamp="20251024-1505-Experimental"
	Name="DESKTOP-1T51EVG"
	Generator="ctest-4.1.1"
	CompilerName="C:/Program Files (x86)/Microsoft Visual Studio/2022/BuildTools/VC/Tools/MSVC/14.44.35207/bin/Hostx64/x64/cl.exe"
	CompilerVersion="19.44.35215.0"
	OSName="Windows"
	Hostname="DESKTOP-1T51EVG"
	OSRelease=" Professional"
	OSVersion=" (Build 19044)"
	OSPlatform="AMD64"
	Is64Bits="1"
	VendorString="GenuineIntel"
	VendorID="Intel Corporation"
	FamilyID="6"
	ModelID="12"
	ModelName=""
	ProcessorCacheSize="-1"
	NumberOfLogicalCPU="4"
	NumberOfPhysicalCPU="2"
	TotalVirtualMemory="8602"
	TotalPhysicalMemory="3782"
	LogicalProcessorsPerPhysical="2"
	ProcessorClockFrequency="2594"
	>
	<Testing>
		<StartDateTime>Oct 28 00:25 السعودية - التوقيت الرسمي</StartDateTime>
		<StartTestTime>1761600351</StartTestTime>
		<TestList/>
		<EndDateTime>Oct 28 00:25 السعودية - التوقيت الرسمي</EndDateTime>
		<EndTestTime>1761600351</EndTestTime>
		<ElapsedMinutes>0</ElapsedMinutes>
	</Testing>
</Site>
